<?xml version="1.0" encoding="UTF-8"?>
<!-- Generated by org.testng.reporters.JUnitXMLReporter -->
<testsuite ignored="0" hostname="DESKTOP-2TO5TD6" failures="0" tests="7" name="Default test" time="304.892" errors="0" timestamp="2026-07-11T10:53:24 IST">
  <testcase classname="tests.MyRecipesTest" name="verifySearchBar" time="0.081"/>
  <testcase classname="tests.MyRecipesTest" name="verifyLoginButton" time="0.04"/>
  <testcase classname="tests.MyRecipesTest" name="verifyJoinButton" time="0.026"/>
  <testcase classname="tests.MyRecipesTest" name="verifyHeroHeading" time="0.011"/>
  <testcase classname="tests.MyRecipesTest" name="verifyRecipeSearch" time="5.267"/>
  <testcase classname="tests.MyRecipesTest" name="verifyLoginNavigation" time="23.252"/>
  <testcase classname="tests.MyRecipesTest" name="verifyJoinNavigation" time="11.109"/>
</testsuite> <!-- Default test -->
