<?xml version="1.0" encoding="UTF-8"?>
<!-- Generated by org.testng.reporters.JUnitXMLReporter -->
<testsuite ignored="0" hostname="DESKTOP-2TO5TD6" failures="6" tests="56" name="AllRecipes Regression Suite - FireFox" time="350.281" errors="0" timestamp="2026-07-09T17:30:37 IST">
  <testcase classname="tests.HomeTest" name="verifyHomepageLoadingAndMetadata" time="0.013"/>
  <testcase classname="tests.HomeTest" name="verifyCoreHeaderElements" time="0.088"/>
  <testcase classname="tests.HomeTest" name="verifyHeaderMenusContent" time="0.026">
    <failure type="java.lang.AssertionError" message="CRITICAL DEFECT [HP_005]: &amp;apos;Add Recipe&amp;apos; option is not available on the homepage. expected [true] but found [false]">
      <![CDATA[java.lang.AssertionError: CRITICAL DEFECT [HP_005]: 'Add Recipe' option is not available on the homepage. expected [true] but found [false]
at tests.HomeTest.verifyHeaderMenusContent(HomeTest.java:49)
at java.base/java.util.ArrayList.forEach(ArrayList.java:1511)
... Removed 30 stack frames]]>
    </failure>
  </testcase> <!-- verifyHeaderMenusContent -->
  <testcase classname="tests.HomeTest" name="verifyActiveMenuHighlighting" time="0.001">
    <failure type="java.lang.AssertionError" message="VISUAL DEFECT [HP_006]: Menu item does not appear highlighted when active. expected [true] but found [false]">
      <![CDATA[java.lang.AssertionError: VISUAL DEFECT [HP_006]: Menu item does not appear highlighted when active. expected [true] but found [false]
at tests.HomeTest.verifyActiveMenuHighlighting(HomeTest.java:57)
at java.base/java.util.ArrayList.forEach(ArrayList.java:1511)
... Removed 30 stack frames]]>
    </failure>
  </testcase> <!-- verifyActiveMenuHighlighting -->
  <testcase classname="tests.HomeTest" name="verifyBannerLayoutImpact" time="0.035"/>
  <testcase classname="tests.HomeTest" name="verifyHomepageImagesLoad" time="0.014"/>
  <testcase classname="tests.HomeTest" name="verifyHomepageContentSectionsAndLinks" time="0.033">
    <failure type="java.lang.AssertionError" message="Featured recipes section is missing. expected [false] but found [true]">
      <![CDATA[java.lang.AssertionError: Featured recipes section is missing. expected [false] but found [true]
at tests.HomeTest.verifyHomepageContentSectionsAndLinks(HomeTest.java:99)
at java.base/java.util.ArrayList.forEach(ArrayList.java:1511)
... Removed 30 stack frames]]>
    </failure>
  </testcase> <!-- verifyHomepageContentSectionsAndLinks -->
  <testcase classname="tests.HomeTest" name="verifyHomepageScrollingAccessibility" time="0.041">
    <failure type="java.lang.AssertionError" message="USER EXPERIENCE DEFECT [HP_014]: Homepage requires unnecessary scrolling before users can view primary content. expected [false] but found [true]">
      <![CDATA[java.lang.AssertionError: USER EXPERIENCE DEFECT [HP_014]: Homepage requires unnecessary scrolling before users can view primary content. expected [false] but found [true]
at tests.HomeTest.verifyHomepageScrollingAccessibility(HomeTest.java:126)
at java.base/java.util.ArrayList.forEach(ArrayList.java:1511)
... Removed 30 stack frames]]>
    </failure>
  </testcase> <!-- verifyHomepageScrollingAccessibility -->
  <testcase classname="tests.HomeTest" name="verifyBrowserNavigationControls" time="1.855"/>
  <testcase classname="tests.HomeTest" name="verifyLoginSignInOptionAvailable" time="0.061">
    <failure type="java.lang.AssertionError" message="DEFECT [TC_LR_001]: Login/Sign In option is not visible or accessible on the homepage. expected [true] but found [false]">
      <![CDATA[java.lang.AssertionError: DEFECT [TC_LR_001]: Login/Sign In option is not visible or accessible on the homepage. expected [true] but found [false]
at tests.HomeTest.verifyLoginSignInOptionAvailable(HomeTest.java:155)
at java.base/java.util.ArrayList.forEach(ArrayList.java:1511)
... Removed 30 stack frames]]>
    </failure>
  </testcase> <!-- verifyLoginSignInOptionAvailable -->
  <testcase classname="tests.HomeTest" name="verifyRegisterCreateAccountOptionAvailable" time="0.023">
    <failure type="java.lang.AssertionError" message="DEFECT [TC_LR_002]: Register/Create Account option is not visible or accessible on the homepage. expected [true] but found [false]">
      <![CDATA[java.lang.AssertionError: DEFECT [TC_LR_002]: Register/Create Account option is not visible or accessible on the homepage. expected [true] but found [false]
at tests.HomeTest.verifyRegisterCreateAccountOptionAvailable(HomeTest.java:168)
at java.base/java.util.ArrayList.forEach(ArrayList.java:1511)
... Removed 30 stack frames]]>
    </failure>
  </testcase> <!-- verifyRegisterCreateAccountOptionAvailable -->
  <testcase classname="tests.SearchTest" name="verifySearchBarDisplayed" time="0.0">
    <skipped/>
  </testcase> <!-- verifySearchBarDisplayed -->
  <testcase classname="tests.SearchTest" name="verifyKeywordSearch" time="0.0">
    <skipped/>
  </testcase> <!-- verifyKeywordSearch -->
  <testcase classname="tests.SearchTest" name="verifyKeywordSearch" time="0.0">
    <skipped/>
  </testcase> <!-- verifyKeywordSearch -->
  <testcase classname="tests.SearchTest" name="verifyKeywordSearch" time="0.0">
    <skipped/>
  </testcase> <!-- verifyKeywordSearch -->
  <testcase classname="tests.SearchTest" name="verifyKeywordSearch" time="0.0">
    <skipped/>
  </testcase> <!-- verifyKeywordSearch -->
  <testcase classname="tests.SearchTest" name="verifyKeywordSearch" time="0.0">
    <skipped/>
  </testcase> <!-- verifyKeywordSearch -->
  <testcase classname="tests.SearchTest" name="verifyInvalidKeyword" time="0.0">
    <skipped/>
  </testcase> <!-- verifyInvalidKeyword -->
  <testcase classname="tests.SearchTest" name="verifyEmptySearch" time="0.0">
    <skipped/>
  </testcase> <!-- verifyEmptySearch -->
  <testcase classname="tests.SearchTest" name="verifySuggestions" time="0.0">
    <skipped/>
  </testcase> <!-- verifySuggestions -->
  <testcase classname="tests.SearchTest" name="verifyRecipeMatch" time="0.0">
    <skipped/>
  </testcase> <!-- verifyRecipeMatch -->
  <testcase classname="tests.SearchTest" name="verifyBrokenImages" time="0.0">
    <skipped/>
  </testcase> <!-- verifyBrokenImages -->
  <testcase classname="tests.SearchTest" name="verifyBrokenLinks" time="0.0">
    <skipped/>
  </testcase> <!-- verifyBrokenLinks -->
  <testcase classname="tests.SearchTest" name="verifyScroll" time="0.0">
    <skipped/>
  </testcase> <!-- verifyScroll -->
  <testcase classname="tests.RecipeDetailTest" name="verifyRecipeContentProfile" time="0.0">
    <skipped/>
  </testcase> <!-- verifyRecipeContentProfile -->
  <testcase classname="tests.RecipeDetailTest" name="verifyRecipeContentProfile" time="0.0">
    <skipped/>
  </testcase> <!-- verifyRecipeContentProfile -->
  <testcase classname="tests.RecipeDetailTest" name="verifyRecipeTimingAndUtilityOptions" time="0.0">
    <skipped/>
  </testcase> <!-- verifyRecipeTimingAndUtilityOptions -->
  <testcase classname="tests.RecipeDetailTest" name="verifyRecipeTimingAndUtilityOptions" time="0.0">
    <skipped/>
  </testcase> <!-- verifyRecipeTimingAndUtilityOptions -->
  <testcase classname="tests.RecipeDetailTest" name="verifyRecipeRatingsAreDisplayed" time="0.0">
    <skipped/>
  </testcase> <!-- verifyRecipeRatingsAreDisplayed -->
  <testcase classname="tests.RecipeDetailTest" name="verifyRecipeRatingsAreDisplayed" time="0.0">
    <skipped/>
  </testcase> <!-- verifyRecipeRatingsAreDisplayed -->
  <testcase classname="tests.RecipeDetailTest" name="verifyAdvertisingBannerLayout" time="0.0">
    <skipped/>
  </testcase> <!-- verifyAdvertisingBannerLayout -->
  <testcase classname="tests.RecipeDetailTest" name="verifyAdvertisingBannerLayout" time="0.0">
    <skipped/>
  </testcase> <!-- verifyAdvertisingBannerLayout -->
  <testcase classname="tests.NewsletterTest" name="testNewsletterSubscriptionDataDriven" time="0.0">
    <skipped/>
  </testcase> <!-- testNewsletterSubscriptionDataDriven -->
  <testcase classname="tests.NewsletterTest" name="testNewsletterSubscriptionDataDriven" time="0.001">
    <skipped/>
  </testcase> <!-- testNewsletterSubscriptionDataDriven -->
  <testcase classname="tests.NewsletterTest" name="testNewsletterSubscriptionDataDriven" time="0.0">
    <skipped/>
  </testcase> <!-- testNewsletterSubscriptionDataDriven -->
  <testcase classname="tests.NewsletterTest" name="testNewsletterSubscriptionDataDriven" time="0.0">
    <skipped/>
  </testcase> <!-- testNewsletterSubscriptionDataDriven -->
  <testcase classname="tests.NewsletterTest" name="testNewsletterSubscriptionDataDriven" time="0.0">
    <skipped/>
  </testcase> <!-- testNewsletterSubscriptionDataDriven -->
  <testcase classname="tests.SweepstakesTest" name="testSweepstakesPageOpensSuccessfully" time="0.0">
    <skipped/>
  </testcase> <!-- testSweepstakesPageOpensSuccessfully -->
  <testcase classname="tests.SweepstakesTest" name="testSweeptakesSubscriptionDataDriven" time="0.0">
    <skipped/>
  </testcase> <!-- testSweeptakesSubscriptionDataDriven -->
  <testcase classname="tests.SweepstakesTest" name="testSweeptakesSubscriptionDataDriven" time="0.0">
    <skipped/>
  </testcase> <!-- testSweeptakesSubscriptionDataDriven -->
  <testcase classname="tests.SweepstakesTest" name="testSweeptakesSubscriptionDataDriven" time="0.0">
    <skipped/>
  </testcase> <!-- testSweeptakesSubscriptionDataDriven -->
  <testcase classname="tests.SweepstakesTest" name="testSweeptakesSubscriptionDataDriven" time="0.0">
    <skipped/>
  </testcase> <!-- testSweeptakesSubscriptionDataDriven -->
  <testcase classname="tests.SweepstakesTest" name="testSweeptakesSubscriptionDataDriven" time="0.0">
    <skipped/>
  </testcase> <!-- testSweeptakesSubscriptionDataDriven -->
  <testcase classname="tests.SweepstakesTest" name="testAdvertisementPageSpaceOccupancy" time="0.0">
    <skipped/>
  </testcase> <!-- testAdvertisementPageSpaceOccupancy -->
  <testcase classname="tests.SweepstakesTest" name="testMandatoryFieldValidation" time="0.0">
    <skipped/>
  </testcase> <!-- testMandatoryFieldValidation -->
  <testcase classname="tests.SweepstakesTest" name="testTermsAndConditionsLinkRouting" time="0.0">
    <skipped/>
  </testcase> <!-- testTermsAndConditionsLinkRouting -->
  <testcase classname="tests.SweepstakesTest" name="testMobileResponsivenessBreakpointScaling" time="0.0">
    <skipped/>
  </testcase> <!-- testMobileResponsivenessBreakpointScaling -->
  <testcase classname="tests.SweepstakesTest" name="testBrowserCompatibilityEnvironmentMetadata" time="0.0">
    <skipped/>
  </testcase> <!-- testBrowserCompatibilityEnvironmentMetadata -->
  <testcase classname="tests.SweepstakesTest" name="testApplicationStabilityDuringSubmissionPipeline" time="0.0">
    <skipped/>
  </testcase> <!-- testApplicationStabilityDuringSubmissionPipeline -->
  <testcase classname="tests.MyRecipesTest" name="verifySearchBar" time="0.0">
    <skipped/>
  </testcase> <!-- verifySearchBar -->
  <testcase classname="tests.MyRecipesTest" name="verifyLoginButton" time="0.0">
    <skipped/>
  </testcase> <!-- verifyLoginButton -->
  <testcase classname="tests.MyRecipesTest" name="verifyJoinButton" time="0.0">
    <skipped/>
  </testcase> <!-- verifyJoinButton -->
  <testcase classname="tests.MyRecipesTest" name="verifyHeroHeading" time="0.0">
    <skipped/>
  </testcase> <!-- verifyHeroHeading -->
  <testcase classname="tests.MyRecipesTest" name="verifyRecipeSearch" time="0.0">
    <skipped/>
  </testcase> <!-- verifyRecipeSearch -->
  <testcase classname="tests.MyRecipesTest" name="verifyLoginNavigation" time="0.0">
    <skipped/>
  </testcase> <!-- verifyLoginNavigation -->
  <testcase classname="tests.MyRecipesTest" name="verifyJoinNavigation" time="0.0">
    <skipped/>
  </testcase> <!-- verifyJoinNavigation -->
</testsuite> <!-- AllRecipes Regression Suite - FireFox -->
