<?xml version="1.0" encoding="UTF-8"?>
<!-- Generated by org.testng.reporters.JUnitReportReporter -->
<testsuite hostname="DESKTOP-2TO5TD6" failures="0" tests="36" name="tests.HomeTest" time="579.049" errors="0" timestamp="2026-07-11T17:55:26 IST" skipped="0">
  <testcase classname="tests.HomeTest" name="verifyHomepageLoadingAndMetadata" time="12.532"/>
  <testcase classname="tests.HomeTest" name="verifyHomepageLoadingAndMetadata" time="10.723"/>
  <testcase classname="tests.HomeTest" name="verifyHomepageLoadingAndMetadata" time="16.111"/>
  <testcase classname="tests.HomeTest" name="verifyCoreHeaderElements" time="14.443"/>
  <testcase classname="tests.HomeTest" name="verifyCoreHeaderElements" time="43.856"/>
  <testcase classname="tests.HomeTest" name="verifyCoreHeaderElements" time="17.933"/>
  <testcase classname="tests.HomeTest" name="verifyHeaderMenusContent" time="9.341"/>
  <testcase classname="tests.HomeTest" name="verifyHeaderMenusContent" time="68.920"/>
  <testcase classname="tests.HomeTest" name="verifyHeaderMenusContent" time="11.025"/>
  <testcase classname="tests.HomeTest" name="verifySearchBarDisplayed" time="6.069"/>
  <testcase classname="tests.HomeTest" name="verifySearchBarDisplayed" time="14.811"/>
  <testcase classname="tests.HomeTest" name="verifySearchBarDisplayed" time="7.595"/>
  <testcase classname="tests.HomeTest" name="verifyHomepageImagesLoad" time="14.077"/>
  <testcase classname="tests.HomeTest" name="verifyHomepageImagesLoad" time="12.435"/>
  <testcase classname="tests.HomeTest" name="verifyHomepageImagesLoad" time="20.018"/>
  <testcase classname="tests.HomeTest" name="verifyHomepageContentSections" time="13.674"/>
  <testcase classname="tests.HomeTest" name="verifyHomepageContentSections" time="11.575"/>
  <testcase classname="tests.HomeTest" name="verifyHomepageContentSections" time="11.743"/>
  <testcase classname="tests.HomeTest" name="verifyHomepageScrolling" time="11.053"/>
  <testcase classname="tests.HomeTest" name="verifyHomepageScrolling" time="12.962"/>
  <testcase classname="tests.HomeTest" name="verifyHomepageScrolling" time="24.841"/>
  <testcase classname="tests.HomeTest" name="verifyBrowserNavigation" time="26.398"/>
  <testcase classname="tests.HomeTest" name="verifyBrowserNavigation" time="17.315"/>
  <testcase classname="tests.HomeTest" name="verifyBrowserNavigation" time="16.110"/>
  <testcase classname="tests.HomeTest" name="verifyMyRecipesMenuAvailable" time="14.075"/>
  <testcase classname="tests.HomeTest" name="verifyMyRecipesMenuAvailable" time="12.896"/>
  <testcase classname="tests.HomeTest" name="verifyMyRecipesMenuAvailable" time="9.065"/>
  <testcase classname="tests.HomeTest" name="verifyNewsletterLinkAvailable" time="6.174"/>
  <testcase classname="tests.HomeTest" name="verifyNewsletterLinkAvailable" time="9.772"/>
  <testcase classname="tests.HomeTest" name="verifyNewsletterLinkAvailable" time="15.967"/>
  <testcase classname="tests.HomeTest" name="verifySweepstakesLinkAvailable" time="20.708"/>
  <testcase classname="tests.HomeTest" name="verifySweepstakesLinkAvailable" time="15.864"/>
  <testcase classname="tests.HomeTest" name="verifySweepstakesLinkAvailable" time="10.770"/>
  <testcase classname="tests.HomeTest" name="verifyFooterDisplayed" time="11.457"/>
  <testcase classname="tests.HomeTest" name="verifyFooterDisplayed" time="15.480"/>
  <testcase classname="tests.HomeTest" name="verifyFooterDisplayed" time="11.261"/>
</testsuite> <!-- tests.HomeTest -->
