<?xml version="1.0" encoding="UTF-8"?>
<!-- Generated by org.testng.reporters.JUnitReportReporter -->
<testsuite hostname="DESKTOP-2TO5TD6" failures="0" tests="15" name="tests.NewsletterTest" time="585.865" errors="0" timestamp="2026-07-11T17:55:26 IST" skipped="0">
  <testcase classname="tests.NewsletterTest" name="testNewsletterSubscriptionDataDriven" time="27.822"/>
  <testcase classname="tests.NewsletterTest" name="testNewsletterSubscriptionDataDriven" time="54.988"/>
  <testcase classname="tests.NewsletterTest" name="testNewsletterSubscriptionDataDriven" time="29.299"/>
  <testcase classname="tests.NewsletterTest" name="testNewsletterSubscriptionDataDriven" time="30.396"/>
  <testcase classname="tests.NewsletterTest" name="testNewsletterSubscriptionDataDriven" time="27.325"/>
  <testcase classname="tests.NewsletterTest" name="testNewsletterSubscriptionDataDriven" time="47.844"/>
  <testcase classname="tests.NewsletterTest" name="testNewsletterSubscriptionDataDriven" time="48.905"/>
  <testcase classname="tests.NewsletterTest" name="testNewsletterSubscriptionDataDriven" time="43.929"/>
  <testcase classname="tests.NewsletterTest" name="testNewsletterSubscriptionDataDriven" time="46.194"/>
  <testcase classname="tests.NewsletterTest" name="testNewsletterSubscriptionDataDriven" time="36.868"/>
  <testcase classname="tests.NewsletterTest" name="testNewsletterSubscriptionDataDriven" time="31.422"/>
  <testcase classname="tests.NewsletterTest" name="testNewsletterSubscriptionDataDriven" time="25.675"/>
  <testcase classname="tests.NewsletterTest" name="testNewsletterSubscriptionDataDriven" time="35.640"/>
  <testcase classname="tests.NewsletterTest" name="testNewsletterSubscriptionDataDriven" time="53.281"/>
  <testcase classname="tests.NewsletterTest" name="testNewsletterSubscriptionDataDriven" time="46.277"/>
</testsuite> <!-- tests.NewsletterTest -->
