<?xml version="1.0" encoding="UTF-8"?>
<!-- Generated by org.testng.reporters.JUnitReportReporter -->
<testsuite hostname="DESKTOP-2TO5TD6" failures="3" tests="36" name="tests.SweepstakesTest" time="1508.386" errors="0" timestamp="2026-07-11T17:55:26 IST" skipped="0">
  <testcase classname="tests.SweepstakesTest" name="testSweepstakesPageOpensSuccessfully" time="16.128"/>
  <testcase classname="tests.SweepstakesTest" name="testSweepstakesPageOpensSuccessfully" time="30.293"/>
  <testcase classname="tests.SweepstakesTest" name="testSweepstakesPageOpensSuccessfully" time="20.437"/>
  <testcase classname="tests.SweepstakesTest" name="testSweeptakesSubscriptionDataDriven" time="78.167"/>
  <testcase classname="tests.SweepstakesTest" name="testSweeptakesSubscriptionDataDriven" time="64.180"/>
  <testcase classname="tests.SweepstakesTest" name="testSweeptakesSubscriptionDataDriven" time="72.459"/>
  <testcase classname="tests.SweepstakesTest" name="testSweeptakesSubscriptionDataDriven" time="65.807"/>
  <testcase classname="tests.SweepstakesTest" name="testSweeptakesSubscriptionDataDriven" time="39.897"/>
  <testcase classname="tests.SweepstakesTest" name="testSweeptakesSubscriptionDataDriven" time="28.894"/>
  <testcase classname="tests.SweepstakesTest" name="testSweeptakesSubscriptionDataDriven" time="84.802"/>
  <testcase classname="tests.SweepstakesTest" name="testSweeptakesSubscriptionDataDriven" time="61.041"/>
  <testcase classname="tests.SweepstakesTest" name="testSweeptakesSubscriptionDataDriven" time="101.964"/>
  <testcase classname="tests.SweepstakesTest" name="testSweeptakesSubscriptionDataDriven" time="37.714"/>
  <testcase classname="tests.SweepstakesTest" name="testSweeptakesSubscriptionDataDriven" time="66.984"/>
  <testcase classname="tests.SweepstakesTest" name="testSweeptakesSubscriptionDataDriven" time="58.581"/>
  <testcase classname="tests.SweepstakesTest" name="testSweeptakesSubscriptionDataDriven" time="91.040"/>
  <testcase classname="tests.SweepstakesTest" name="testSweeptakesSubscriptionDataDriven" time="30.496"/>
  <testcase classname="tests.SweepstakesTest" name="testSweeptakesSubscriptionDataDriven" time="23.487"/>
  <testcase classname="tests.SweepstakesTest" name="testAdvertisementPageSpaceOccupancy" time="36.985"/>
  <testcase classname="tests.SweepstakesTest" name="testAdvertisementPageSpaceOccupancy" time="35.366"/>
  <testcase classname="tests.SweepstakesTest" name="testAdvertisementPageSpaceOccupancy" time="38.789"/>
  <testcase classname="tests.SweepstakesTest" name="testMandatoryFieldValidation" time="51.914"/>
  <testcase classname="tests.SweepstakesTest" name="testMandatoryFieldValidation" time="38.403"/>
  <testcase classname="tests.SweepstakesTest" name="testMandatoryFieldValidation" time="44.066"/>
  <testcase classname="tests.SweepstakesTest" name="testTermsAndConditionsLinkRouting" time="15.520"/>
  <testcase classname="tests.SweepstakesTest" name="testTermsAndConditionsLinkRouting" time="16.601"/>
  <testcase classname="tests.SweepstakesTest" name="testTermsAndConditionsLinkRouting" time="62.485"/>
  <testcase classname="tests.SweepstakesTest" name="testMobileResponsivenessBreakpointScaling" time="33.761">
    <failure message="Mobile Responsiveness Error: Form elements vanished or compressed out of viewport boundaries! expected [true] but found [false]" type="java.lang.AssertionError">
      <![CDATA[java.lang.AssertionError: Mobile Responsiveness Error: Form elements vanished or compressed out of viewport boundaries! expected [true] but found [false]
at org.testng.Assert.fail(Assert.java:111)
at org.testng.Assert.failNotEquals(Assert.java:1578)
at org.testng.Assert.assertTrue(Assert.java:57)
at tests.SweepstakesTest.testMobileResponsivenessBreakpointScaling(SweepstakesTest.java:153)
at java.base/jdk.internal.reflect.NativeMethodAccessorImpl.invoke0(Native Method)
at java.base/jdk.internal.reflect.NativeMethodAccessorImpl.invoke(NativeMethodAccessorImpl.java:77)
at java.base/jdk.internal.reflect.DelegatingMethodAccessorImpl.invoke(DelegatingMethodAccessorImpl.java:43)
at java.base/java.lang.reflect.Method.invoke(Method.java:568)
at org.testng.internal.invokers.MethodInvocationHelper.invokeMethod(MethodInvocationHelper.java:141)
at org.testng.internal.invokers.TestInvoker.invokeMethod(TestInvoker.java:686)
at org.testng.internal.invokers.TestInvoker.invokeTestMethod(TestInvoker.java:230)
at org.testng.internal.invokers.MethodRunner.runInSequence(MethodRunner.java:63)
at org.testng.internal.invokers.TestInvoker$MethodInvocationAgent.invoke(TestInvoker.java:992)
at org.testng.internal.invokers.TestInvoker.invokeTestMethods(TestInvoker.java:203)
at org.testng.internal.invokers.TestMethodWorker.invokeTestMethods(TestMethodWorker.java:154)
at org.testng.internal.invokers.TestMethodWorker.run(TestMethodWorker.java:134)
at java.base/java.util.ArrayList.forEach(ArrayList.java:1511)
at org.testng.TestRunner.privateRun(TestRunner.java:739)
at org.testng.TestRunner.run(TestRunner.java:614)
at org.testng.SuiteRunner.runTest(SuiteRunner.java:421)
at org.testng.SuiteRunner$SuiteWorker.run(SuiteRunner.java:463)
at org.testng.internal.thread.ThreadUtil.lambda$execute$0(ThreadUtil.java:64)
at java.base/java.util.concurrent.FutureTask.run(FutureTask.java:264)
at java.base/java.util.concurrent.ThreadPoolExecutor.runWorker(ThreadPoolExecutor.java:1136)
at java.base/java.util.concurrent.ThreadPoolExecutor$Worker.run(ThreadPoolExecutor.java:635)
at java.base/java.lang.Thread.run(Thread.java:842)
]]>
    </failure>
  </testcase> <!-- testMobileResponsivenessBreakpointScaling -->
  <testcase classname="tests.SweepstakesTest" name="testMobileResponsivenessBreakpointScaling" time="39.934">
    <failure message="Mobile Responsiveness Error: Form elements vanished or compressed out of viewport boundaries! expected [true] but found [false]" type="java.lang.AssertionError">
      <![CDATA[java.lang.AssertionError: Mobile Responsiveness Error: Form elements vanished or compressed out of viewport boundaries! expected [true] but found [false]
at org.testng.Assert.fail(Assert.java:111)
at org.testng.Assert.failNotEquals(Assert.java:1578)
at org.testng.Assert.assertTrue(Assert.java:57)
at tests.SweepstakesTest.testMobileResponsivenessBreakpointScaling(SweepstakesTest.java:153)
at java.base/jdk.internal.reflect.NativeMethodAccessorImpl.invoke0(Native Method)
at java.base/jdk.internal.reflect.NativeMethodAccessorImpl.invoke(NativeMethodAccessorImpl.java:77)
at java.base/jdk.internal.reflect.DelegatingMethodAccessorImpl.invoke(DelegatingMethodAccessorImpl.java:43)
at java.base/java.lang.reflect.Method.invoke(Method.java:568)
at org.testng.internal.invokers.MethodInvocationHelper.invokeMethod(MethodInvocationHelper.java:141)
at org.testng.internal.invokers.TestInvoker.invokeMethod(TestInvoker.java:686)
at org.testng.internal.invokers.TestInvoker.invokeTestMethod(TestInvoker.java:230)
at org.testng.internal.invokers.MethodRunner.runInSequence(MethodRunner.java:63)
at org.testng.internal.invokers.TestInvoker$MethodInvocationAgent.invoke(TestInvoker.java:992)
at org.testng.internal.invokers.TestInvoker.invokeTestMethods(TestInvoker.java:203)
at org.testng.internal.invokers.TestMethodWorker.invokeTestMethods(TestMethodWorker.java:154)
at org.testng.internal.invokers.TestMethodWorker.run(TestMethodWorker.java:134)
at java.base/java.util.ArrayList.forEach(ArrayList.java:1511)
at org.testng.TestRunner.privateRun(TestRunner.java:739)
at org.testng.TestRunner.run(TestRunner.java:614)
at org.testng.SuiteRunner.runTest(SuiteRunner.java:421)
at org.testng.SuiteRunner$SuiteWorker.run(SuiteRunner.java:463)
at org.testng.internal.thread.ThreadUtil.lambda$execute$0(ThreadUtil.java:64)
at java.base/java.util.concurrent.FutureTask.run(FutureTask.java:264)
at java.base/java.util.concurrent.ThreadPoolExecutor.runWorker(ThreadPoolExecutor.java:1136)
at java.base/java.util.concurrent.ThreadPoolExecutor$Worker.run(ThreadPoolExecutor.java:635)
at java.base/java.lang.Thread.run(Thread.java:842)
]]>
    </failure>
  </testcase> <!-- testMobileResponsivenessBreakpointScaling -->
  <testcase classname="tests.SweepstakesTest" name="testMobileResponsivenessBreakpointScaling" time="42.872">
    <failure message="Mobile Responsiveness Error: Form elements vanished or compressed out of viewport boundaries! expected [true] but found [false]" type="java.lang.AssertionError">
      <![CDATA[java.lang.AssertionError: Mobile Responsiveness Error: Form elements vanished or compressed out of viewport boundaries! expected [true] but found [false]
at org.testng.Assert.fail(Assert.java:111)
at org.testng.Assert.failNotEquals(Assert.java:1578)
at org.testng.Assert.assertTrue(Assert.java:57)
at tests.SweepstakesTest.testMobileResponsivenessBreakpointScaling(SweepstakesTest.java:153)
at java.base/jdk.internal.reflect.NativeMethodAccessorImpl.invoke0(Native Method)
at java.base/jdk.internal.reflect.NativeMethodAccessorImpl.invoke(NativeMethodAccessorImpl.java:77)
at java.base/jdk.internal.reflect.DelegatingMethodAccessorImpl.invoke(DelegatingMethodAccessorImpl.java:43)
at java.base/java.lang.reflect.Method.invoke(Method.java:568)
at org.testng.internal.invokers.MethodInvocationHelper.invokeMethod(MethodInvocationHelper.java:141)
at org.testng.internal.invokers.TestInvoker.invokeMethod(TestInvoker.java:686)
at org.testng.internal.invokers.TestInvoker.invokeTestMethod(TestInvoker.java:230)
at org.testng.internal.invokers.MethodRunner.runInSequence(MethodRunner.java:63)
at org.testng.internal.invokers.TestInvoker$MethodInvocationAgent.invoke(TestInvoker.java:992)
at org.testng.internal.invokers.TestInvoker.invokeTestMethods(TestInvoker.java:203)
at org.testng.internal.invokers.TestMethodWorker.invokeTestMethods(TestMethodWorker.java:154)
at org.testng.internal.invokers.TestMethodWorker.run(TestMethodWorker.java:134)
at java.base/java.util.ArrayList.forEach(ArrayList.java:1511)
at org.testng.TestRunner.privateRun(TestRunner.java:739)
at org.testng.TestRunner.run(TestRunner.java:614)
at org.testng.SuiteRunner.runTest(SuiteRunner.java:421)
at org.testng.SuiteRunner$SuiteWorker.run(SuiteRunner.java:463)
at org.testng.internal.thread.ThreadUtil.lambda$execute$0(ThreadUtil.java:64)
at java.base/java.util.concurrent.FutureTask.run(FutureTask.java:264)
at java.base/java.util.concurrent.ThreadPoolExecutor.runWorker(ThreadPoolExecutor.java:1136)
at java.base/java.util.concurrent.ThreadPoolExecutor$Worker.run(ThreadPoolExecutor.java:635)
at java.base/java.lang.Thread.run(Thread.java:842)
]]>
    </failure>
  </testcase> <!-- testMobileResponsivenessBreakpointScaling -->
  <testcase classname="tests.SweepstakesTest" name="testBrowserCompatibilityEnvironmentMetadata" time="24.632"/>
  <testcase classname="tests.SweepstakesTest" name="testBrowserCompatibilityEnvironmentMetadata" time="17.919"/>
  <testcase classname="tests.SweepstakesTest" name="testBrowserCompatibilityEnvironmentMetadata" time="9.727"/>
  <testcase classname="tests.SweepstakesTest" name="testApplicationStabilityDuringSubmissionPipeline" time="9.475"/>
  <testcase classname="tests.SweepstakesTest" name="testApplicationStabilityDuringSubmissionPipeline" time="12.152"/>
  <testcase classname="tests.SweepstakesTest" name="testApplicationStabilityDuringSubmissionPipeline" time="5.414"/>
</testsuite> <!-- tests.SweepstakesTest -->
