<?xml version="1.0" encoding="UTF-8"?>
<!-- Generated by org.testng.reporters.JUnitReportReporter -->
<testsuite hostname="DESKTOP-2TO5TD6" failures="1" tests="24" name="tests.RecipeDetailTest" time="936.119" errors="0" timestamp="2026-07-11T17:55:26 IST" skipped="0">
  <testcase classname="tests.RecipeDetailTest" name="verifyRecipeContentProfile" time="76.779"/>
  <testcase classname="tests.RecipeDetailTest" name="verifyRecipeContentProfile" time="34.342"/>
  <testcase classname="tests.RecipeDetailTest" name="verifyRecipeContentProfile" time="91.161"/>
  <testcase classname="tests.RecipeDetailTest" name="verifyRecipeContentProfile" time="33.731"/>
  <testcase classname="tests.RecipeDetailTest" name="verifyRecipeContentProfile" time="95.403"/>
  <testcase classname="tests.RecipeDetailTest" name="verifyRecipeContentProfile" time="68.067"/>
  <testcase classname="tests.RecipeDetailTest" name="verifyRecipeTimingAndUtilityOptions" time="39.411"/>
  <testcase classname="tests.RecipeDetailTest" name="verifyRecipeTimingAndUtilityOptions" time="27.180"/>
  <testcase classname="tests.RecipeDetailTest" name="verifyRecipeTimingAndUtilityOptions" time="82.747"/>
  <testcase classname="tests.RecipeDetailTest" name="verifyRecipeTimingAndUtilityOptions" time="67.988"/>
  <testcase classname="tests.RecipeDetailTest" name="verifyRecipeTimingAndUtilityOptions" time="22.826"/>
  <testcase classname="tests.RecipeDetailTest" name="verifyRecipeTimingAndUtilityOptions" time="16.814"/>
  <testcase classname="tests.RecipeDetailTest" name="verifyRecipeRatingsAreDisplayed" time="19.014"/>
  <testcase classname="tests.RecipeDetailTest" name="verifyRecipeRatingsAreDisplayed" time="13.285"/>
  <testcase classname="tests.RecipeDetailTest" name="verifyRecipeRatingsAreDisplayed" time="16.223"/>
  <testcase classname="tests.RecipeDetailTest" name="verifyRecipeRatingsAreDisplayed" time="24.635"/>
  <testcase classname="tests.RecipeDetailTest" name="verifyRecipeRatingsAreDisplayed" time="10.139">
    <failure message="DEFECT TRACKING [REC_008]: Review and user evaluation bar interface component hidden or missing inside layout view canvas: https://www.allrecipes.com/recipe/8095/black-forest-cake-i/ expected [true] but found [false]" type="java.lang.AssertionError">
      <![CDATA[java.lang.AssertionError: DEFECT TRACKING [REC_008]: Review and user evaluation bar interface component hidden or missing inside layout view canvas: https://www.allrecipes.com/recipe/8095/black-forest-cake-i/ expected [true] but found [false]
at org.testng.Assert.fail(Assert.java:111)
at org.testng.Assert.failNotEquals(Assert.java:1578)
at org.testng.Assert.assertTrue(Assert.java:57)
at tests.RecipeDetailTest.verifyRecipeRatingsAreDisplayed(RecipeDetailTest.java:109)
at java.base/jdk.internal.reflect.NativeMethodAccessorImpl.invoke0(Native Method)
at java.base/jdk.internal.reflect.NativeMethodAccessorImpl.invoke(NativeMethodAccessorImpl.java:77)
at java.base/jdk.internal.reflect.DelegatingMethodAccessorImpl.invoke(DelegatingMethodAccessorImpl.java:43)
at java.base/java.lang.reflect.Method.invoke(Method.java:568)
at org.testng.internal.invokers.MethodInvocationHelper.invokeMethod(MethodInvocationHelper.java:141)
at org.testng.internal.invokers.TestInvoker.invokeMethod(TestInvoker.java:686)
at org.testng.internal.invokers.TestInvoker.invokeTestMethod(TestInvoker.java:230)
at org.testng.internal.invokers.MethodRunner.runInSequence(MethodRunner.java:63)
at org.testng.internal.invokers.TestInvoker$MethodInvocationAgent.invoke(TestInvoker.java:992)
at org.testng.internal.invokers.TestInvoker.invokeTestMethods(TestInvoker.java:203)
at org.testng.internal.invokers.TestMethodWorker.invokeTestMethods(TestMethodWorker.java:154)
at org.testng.internal.invokers.TestMethodWorker.run(TestMethodWorker.java:134)
at java.base/java.util.ArrayList.forEach(ArrayList.java:1511)
at org.testng.TestRunner.privateRun(TestRunner.java:739)
at org.testng.TestRunner.run(TestRunner.java:614)
at org.testng.SuiteRunner.runTest(SuiteRunner.java:421)
at org.testng.SuiteRunner$SuiteWorker.run(SuiteRunner.java:463)
at org.testng.internal.thread.ThreadUtil.lambda$execute$0(ThreadUtil.java:64)
at java.base/java.util.concurrent.FutureTask.run(FutureTask.java:264)
at java.base/java.util.concurrent.ThreadPoolExecutor.runWorker(ThreadPoolExecutor.java:1136)
at java.base/java.util.concurrent.ThreadPoolExecutor$Worker.run(ThreadPoolExecutor.java:635)
at java.base/java.lang.Thread.run(Thread.java:842)
]]>
    </failure>
  </testcase> <!-- verifyRecipeRatingsAreDisplayed -->
  <testcase classname="tests.RecipeDetailTest" name="verifyRecipeRatingsAreDisplayed" time="57.430"/>
  <testcase classname="tests.RecipeDetailTest" name="verifyAdvertisingBannerLayout" time="30.437"/>
  <testcase classname="tests.RecipeDetailTest" name="verifyAdvertisingBannerLayout" time="9.367"/>
  <testcase classname="tests.RecipeDetailTest" name="verifyAdvertisingBannerLayout" time="17.072"/>
  <testcase classname="tests.RecipeDetailTest" name="verifyAdvertisingBannerLayout" time="26.737"/>
  <testcase classname="tests.RecipeDetailTest" name="verifyAdvertisingBannerLayout" time="29.353"/>
  <testcase classname="tests.RecipeDetailTest" name="verifyAdvertisingBannerLayout" time="25.978"/>
</testsuite> <!-- tests.RecipeDetailTest -->
