<?xml version="1.0" encoding="UTF-8"?>
<!-- Generated by org.testng.reporters.JUnitXMLReporter -->
<testsuite ignored="0" hostname="DESKTOP-2TO5TD6" failures="4" tests="57" name="Regression Execution - Edge Browser" time="2012.205" errors="0" timestamp="2026-07-11T17:54:45 IST">
  <testcase classname="tests.NewsletterTest" name="testNewsletterSubscriptionDataDriven" time="21.317"/>
  <testcase classname="tests.NewsletterTest" name="testNewsletterSubscriptionDataDriven" time="20.952"/>
  <testcase classname="tests.NewsletterTest" name="testNewsletterSubscriptionDataDriven" time="26.411"/>
  <testcase classname="tests.NewsletterTest" name="testNewsletterSubscriptionDataDriven" time="26.665"/>
  <testcase classname="tests.NewsletterTest" name="testNewsletterSubscriptionDataDriven" time="23.01"/>
  <testcase classname="tests.SweepstakesTest" name="testSweepstakesPageOpensSuccessfully" time="6.86"/>
  <testcase classname="tests.HomeTest" name="verifyHomepageLoadingAndMetadata" time="0.144"/>
  <testcase classname="tests.RecipeDetailTest" name="verifyRecipeContentProfile" time="53.853"/>
  <testcase classname="tests.RecipeDetailTest" name="verifyRecipeContentProfile" time="63.726"/>
  <testcase classname="tests.MyRecipesTest" name="verifySearchBar" time="0.3"/>
  <testcase classname="tests.SearchTest" name="verifySearchBarDisplayed" time="0.052"/>
  <testcase classname="tests.SweepstakesTest" name="testSweeptakesSubscriptionDataDriven" time="30.584"/>
  <testcase classname="tests.SweepstakesTest" name="testSweeptakesSubscriptionDataDriven" time="42.078"/>
  <testcase classname="tests.SweepstakesTest" name="testSweeptakesSubscriptionDataDriven" time="76.442"/>
  <testcase classname="tests.SweepstakesTest" name="testSweeptakesSubscriptionDataDriven" time="18.464"/>
  <testcase classname="tests.SweepstakesTest" name="testSweeptakesSubscriptionDataDriven" time="19.095"/>
  <testcase classname="tests.HomeTest" name="verifyCoreHeaderElements" time="0.34"/>
  <testcase classname="tests.SearchTest" name="verifyKeywordSearch" time="33.624"/>
  <testcase classname="tests.SearchTest" name="verifyKeywordSearch" time="33.77"/>
  <testcase classname="tests.SearchTest" name="verifyKeywordSearch" time="35.553"/>
  <testcase classname="tests.SearchTest" name="verifyKeywordSearch" time="33.171"/>
  <testcase classname="tests.SearchTest" name="verifyKeywordSearch" time="0.001"/>
  <testcase classname="tests.MyRecipesTest" name="verifyLoginButton" time="0.085"/>
  <testcase classname="tests.RecipeDetailTest" name="verifyRecipeTimingAndUtilityOptions" time="14.343"/>
  <testcase classname="tests.RecipeDetailTest" name="verifyRecipeTimingAndUtilityOptions" time="16.406"/>
  <testcase classname="tests.SweepstakesTest" name="testAdvertisementPageSpaceOccupancy" time="22.624"/>
  <testcase classname="tests.HomeTest" name="verifyHeaderMenusContent" time="0.18"/>
  <testcase classname="tests.SearchTest" name="verifyInvalidKeyword" time="2.515"/>
  <testcase classname="tests.MyRecipesTest" name="verifyJoinButton" time="0.056"/>
  <testcase classname="tests.RecipeDetailTest" name="verifyRecipeRatingsAreDisplayed" time="2.75"/>
  <testcase classname="tests.RecipeDetailTest" name="verifyRecipeRatingsAreDisplayed" time="9.946"/>
  <testcase classname="tests.SweepstakesTest" name="testMandatoryFieldValidation" time="23.441"/>
  <testcase classname="tests.RecipeDetailTest" name="verifyAdvertisingBannerLayout" time="11.75"/>
  <testcase classname="tests.RecipeDetailTest" name="verifyAdvertisingBannerLayout" time="18.471"/>
  <testcase classname="tests.SearchTest" name="verifyEmptySearch" time="2.055"/>
  <testcase classname="tests.MyRecipesTest" name="verifyHeroHeading" time="0.028"/>
  <testcase classname="tests.HomeTest" name="verifySearchBarDisplayed" time="0.042"/>
  <testcase classname="tests.SweepstakesTest" name="testTermsAndConditionsLinkRouting" time="7.609"/>
  <testcase classname="tests.HomeTest" name="verifyHomepageImagesLoad" time="1.885"/>
  <testcase classname="tests.MyRecipesTest" name="verifyRecipeSearch" time="4.763"/>
  <testcase classname="tests.SearchTest" name="verifySuggestions" time="33.264">
    <failure type="java.lang.AssertionError" message="FAIL: Autocomplete suggestions did not drop down. expected [true] but found [false]">
      <![CDATA[java.lang.AssertionError: FAIL: Autocomplete suggestions did not drop down. expected [true] but found [false]
at org.testng.Assert.fail(Assert.java:111)
at org.testng.Assert.failNotEquals(Assert.java:1578)
at org.testng.Assert.assertTrue(Assert.java:57)
at tests.SearchTest.verifySuggestions(SearchTest.java:110)
at java.base/jdk.internal.reflect.NativeMethodAccessorImpl.invoke0(Native Method)
at java.base/jdk.internal.reflect.NativeMethodAccessorImpl.invoke(NativeMethodAccessorImpl.java:77)
at java.base/jdk.internal.reflect.DelegatingMethodAccessorImpl.invoke(DelegatingMethodAccessorImpl.java:43)
at java.base/java.lang.reflect.Method.invoke(Method.java:568)
at org.testng.internal.invokers.MethodInvocationHelper.invokeMethod(MethodInvocationHelper.java:141)
at org.testng.internal.invokers.TestInvoker.invokeMethod(TestInvoker.java:686)
at org.testng.internal.invokers.TestInvoker.invokeTestMethod(TestInvoker.java:230)
at org.testng.internal.invokers.MethodRunner.runInSequence(MethodRunner.java:63)
at org.testng.internal.invokers.TestInvoker$MethodInvocationAgent.invoke(TestInvoker.java:992)
at org.testng.internal.invokers.TestInvoker.invokeTestMethods(TestInvoker.java:203)
at org.testng.internal.invokers.TestMethodWorker.invokeTestMethods(TestMethodWorker.java:154)
at org.testng.internal.invokers.TestMethodWorker.run(TestMethodWorker.java:134)
at java.base/java.util.ArrayList.forEach(ArrayList.java:1511)
at org.testng.TestRunner.privateRun(TestRunner.java:739)
at org.testng.TestRunner.run(TestRunner.java:614)
at org.testng.SuiteRunner.runTest(SuiteRunner.java:421)
at org.testng.SuiteRunner$SuiteWorker.run(SuiteRunner.java:463)
at org.testng.internal.thread.ThreadUtil.lambda$execute$0(ThreadUtil.java:64)
at java.base/java.util.concurrent.FutureTask.run(FutureTask.java:264)
at java.base/java.util.concurrent.ThreadPoolExecutor.runWorker(ThreadPoolExecutor.java:1136)
at java.base/java.util.concurrent.ThreadPoolExecutor$Worker.run(ThreadPoolExecutor.java:635)
at java.base/java.lang.Thread.run(Thread.java:842)
]]>
    </failure>
  </testcase> <!-- verifySuggestions -->
  <testcase classname="tests.SweepstakesTest" name="testMobileResponsivenessBreakpointScaling" time="28.228">
    <failure type="java.lang.AssertionError" message="Mobile Responsiveness Error: Form elements vanished or compressed out of viewport boundaries! expected [true] but found [false]">
      <![CDATA[java.lang.AssertionError: Mobile Responsiveness Error: Form elements vanished or compressed out of viewport boundaries! expected [true] but found [false]
at org.testng.Assert.fail(Assert.java:111)
at org.testng.Assert.failNotEquals(Assert.java:1578)
at org.testng.Assert.assertTrue(Assert.java:57)
at tests.SweepstakesTest.testMobileResponsivenessBreakpointScaling(SweepstakesTest.java:153)
at java.base/jdk.internal.reflect.NativeMethodAccessorImpl.invoke0(Native Method)
at java.base/jdk.internal.reflect.NativeMethodAccessorImpl.invoke(NativeMethodAccessorImpl.java:77)
at java.base/jdk.internal.reflect.DelegatingMethodAccessorImpl.invoke(DelegatingMethodAccessorImpl.java:43)
at java.base/java.lang.reflect.Method.invoke(Method.java:568)
at org.testng.internal.invokers.MethodInvocationHelper.invokeMethod(MethodInvocationHelper.java:141)
at org.testng.internal.invokers.TestInvoker.invokeMethod(TestInvoker.java:686)
at org.testng.internal.invokers.TestInvoker.invokeTestMethod(TestInvoker.java:230)
at org.testng.internal.invokers.MethodRunner.runInSequence(MethodRunner.java:63)
at org.testng.internal.invokers.TestInvoker$MethodInvocationAgent.invoke(TestInvoker.java:992)
at org.testng.internal.invokers.TestInvoker.invokeTestMethods(TestInvoker.java:203)
at org.testng.internal.invokers.TestMethodWorker.invokeTestMethods(TestMethodWorker.java:154)
at org.testng.internal.invokers.TestMethodWorker.run(TestMethodWorker.java:134)
at java.base/java.util.ArrayList.forEach(ArrayList.java:1511)
at org.testng.TestRunner.privateRun(TestRunner.java:739)
at org.testng.TestRunner.run(TestRunner.java:614)
at org.testng.SuiteRunner.runTest(SuiteRunner.java:421)
at org.testng.SuiteRunner$SuiteWorker.run(SuiteRunner.java:463)
at org.testng.internal.thread.ThreadUtil.lambda$execute$0(ThreadUtil.java:64)
at java.base/java.util.concurrent.FutureTask.run(FutureTask.java:264)
at java.base/java.util.concurrent.ThreadPoolExecutor.runWorker(ThreadPoolExecutor.java:1136)
at java.base/java.util.concurrent.ThreadPoolExecutor$Worker.run(ThreadPoolExecutor.java:635)
at java.base/java.lang.Thread.run(Thread.java:842)
]]>
    </failure>
  </testcase> <!-- testMobileResponsivenessBreakpointScaling -->
  <testcase classname="tests.HomeTest" name="verifyHomepageContentSections" time="6.238"/>
  <testcase classname="tests.MyRecipesTest" name="verifyLoginNavigation" time="19.665"/>
  <testcase classname="tests.SearchTest" name="verifyRecipeMatch" time="63.978"/>
  <testcase classname="tests.SweepstakesTest" name="testBrowserCompatibilityEnvironmentMetadata" time="0.001"/>
  <testcase classname="tests.SearchTest" name="verifyBrokenImages" time="2.329">
    <failure type="java.lang.AssertionError" message="Broken content images found on results page. expected [true] but found [false]">
      <![CDATA[java.lang.AssertionError: Broken content images found on results page. expected [true] but found [false]
at org.testng.Assert.fail(Assert.java:111)
at org.testng.Assert.failNotEquals(Assert.java:1578)
at org.testng.Assert.assertTrue(Assert.java:57)
at tests.SearchTest.verifyBrokenImages(SearchTest.java:131)
at java.base/jdk.internal.reflect.NativeMethodAccessorImpl.invoke0(Native Method)
at java.base/jdk.internal.reflect.NativeMethodAccessorImpl.invoke(NativeMethodAccessorImpl.java:77)
at java.base/jdk.internal.reflect.DelegatingMethodAccessorImpl.invoke(DelegatingMethodAccessorImpl.java:43)
at java.base/java.lang.reflect.Method.invoke(Method.java:568)
at org.testng.internal.invokers.MethodInvocationHelper.invokeMethod(MethodInvocationHelper.java:141)
at org.testng.internal.invokers.TestInvoker.invokeMethod(TestInvoker.java:686)
at org.testng.internal.invokers.TestInvoker.invokeTestMethod(TestInvoker.java:230)
at org.testng.internal.invokers.MethodRunner.runInSequence(MethodRunner.java:63)
at org.testng.internal.invokers.TestInvoker$MethodInvocationAgent.invoke(TestInvoker.java:992)
at org.testng.internal.invokers.TestInvoker.invokeTestMethods(TestInvoker.java:203)
at org.testng.internal.invokers.TestMethodWorker.invokeTestMethods(TestMethodWorker.java:154)
at org.testng.internal.invokers.TestMethodWorker.run(TestMethodWorker.java:134)
at java.base/java.util.ArrayList.forEach(ArrayList.java:1511)
at org.testng.TestRunner.privateRun(TestRunner.java:739)
at org.testng.TestRunner.run(TestRunner.java:614)
at org.testng.SuiteRunner.runTest(SuiteRunner.java:421)
at org.testng.SuiteRunner$SuiteWorker.run(SuiteRunner.java:463)
at org.testng.internal.thread.ThreadUtil.lambda$execute$0(ThreadUtil.java:64)
at java.base/java.util.concurrent.FutureTask.run(FutureTask.java:264)
at java.base/java.util.concurrent.ThreadPoolExecutor.runWorker(ThreadPoolExecutor.java:1136)
at java.base/java.util.concurrent.ThreadPoolExecutor$Worker.run(ThreadPoolExecutor.java:635)
at java.base/java.lang.Thread.run(Thread.java:842)
]]>
    </failure>
  </testcase> <!-- verifyBrokenImages -->
  <testcase classname="tests.HomeTest" name="verifyHomepageScrolling" time="0.218"/>
  <testcase classname="tests.MyRecipesTest" name="verifyJoinNavigation" time="10.862"/>
  <testcase classname="tests.SweepstakesTest" name="testApplicationStabilityDuringSubmissionPipeline" time="0.001"/>
  <testcase classname="tests.SearchTest" name="verifyBrokenLinks" time="11.551">
    <failure type="java.lang.AssertionError" message="Broken content hyperlinks found on results page. expected [true] but found [false]">
      <![CDATA[java.lang.AssertionError: Broken content hyperlinks found on results page. expected [true] but found [false]
at org.testng.Assert.fail(Assert.java:111)
at org.testng.Assert.failNotEquals(Assert.java:1578)
at org.testng.Assert.assertTrue(Assert.java:57)
at tests.SearchTest.verifyBrokenLinks(SearchTest.java:141)
at java.base/jdk.internal.reflect.NativeMethodAccessorImpl.invoke0(Native Method)
at java.base/jdk.internal.reflect.NativeMethodAccessorImpl.invoke(NativeMethodAccessorImpl.java:77)
at java.base/jdk.internal.reflect.DelegatingMethodAccessorImpl.invoke(DelegatingMethodAccessorImpl.java:43)
at java.base/java.lang.reflect.Method.invoke(Method.java:568)
at org.testng.internal.invokers.MethodInvocationHelper.invokeMethod(MethodInvocationHelper.java:141)
at org.testng.internal.invokers.TestInvoker.invokeMethod(TestInvoker.java:686)
at org.testng.internal.invokers.TestInvoker.invokeTestMethod(TestInvoker.java:230)
at org.testng.internal.invokers.MethodRunner.runInSequence(MethodRunner.java:63)
at org.testng.internal.invokers.TestInvoker$MethodInvocationAgent.invoke(TestInvoker.java:992)
at org.testng.internal.invokers.TestInvoker.invokeTestMethods(TestInvoker.java:203)
at org.testng.internal.invokers.TestMethodWorker.invokeTestMethods(TestMethodWorker.java:154)
at org.testng.internal.invokers.TestMethodWorker.run(TestMethodWorker.java:134)
at java.base/java.util.ArrayList.forEach(ArrayList.java:1511)
at org.testng.TestRunner.privateRun(TestRunner.java:739)
at org.testng.TestRunner.run(TestRunner.java:614)
at org.testng.SuiteRunner.runTest(SuiteRunner.java:421)
at org.testng.SuiteRunner$SuiteWorker.run(SuiteRunner.java:463)
at org.testng.internal.thread.ThreadUtil.lambda$execute$0(ThreadUtil.java:64)
at java.base/java.util.concurrent.FutureTask.run(FutureTask.java:264)
at java.base/java.util.concurrent.ThreadPoolExecutor.runWorker(ThreadPoolExecutor.java:1136)
at java.base/java.util.concurrent.ThreadPoolExecutor$Worker.run(ThreadPoolExecutor.java:635)
at java.base/java.lang.Thread.run(Thread.java:842)
]]>
    </failure>
  </testcase> <!-- verifyBrokenLinks -->
  <testcase classname="tests.HomeTest" name="verifyBrowserNavigation" time="9.996"/>
  <testcase classname="tests.HomeTest" name="verifyMyRecipesMenuAvailable" time="0.033"/>
  <testcase classname="tests.SearchTest" name="verifyScroll" time="31.565"/>
  <testcase classname="tests.HomeTest" name="verifyNewsletterLinkAvailable" time="0.068"/>
  <testcase classname="tests.HomeTest" name="verifySweepstakesLinkAvailable" time="2.299"/>
  <testcase classname="tests.HomeTest" name="verifyFooterDisplayed" time="0.207"/>
</testsuite> <!-- Regression Execution - Edge Browser -->
